#
# There is insufficient memory for the Java Runtime Environment to continue.
# Native memory allocation (malloc) failed to allocate 32744 bytes for ChunkPool::allocate
# Possible reasons:
#   The system is out of physical RAM or swap space
#   The process is running with CompressedOops enabled, and the Java Heap may be blocking the growth of the native heap
# Possible solutions:
#   Reduce memory load on the system
#   Increase physical memory or swap space
#   Check if swap backing store is full
#   Decrease Java heap size (-Xmx/-Xms)
#   Decrease number of Java threads
#   Decrease Java thread stack sizes (-Xss)
#   Set larger code cache with -XX:ReservedCodeCacheSize=
#   JVM is running with Unscaled Compressed Oops mode in which the Java heap is
#     placed in the first 4GB address space. The Java Heap base address is the
#     maximum limit for the native heap growth. Please use -XX:HeapBaseMinAddress
#     to set the Java Heap base and to place the Java Heap above 4GB virtual address.
# This output file may be truncated or incomplete.
#
#  Out of Memory Error (arena.cpp:78), pid=27876, tid=8856
#
# JRE version: Java(TM) SE Runtime Environment (17.0.17+8) (build 17.0.17+8-LTS-360)
# Java VM: Java HotSpot(TM) 64-Bit Server VM (17.0.17+8-LTS-360, mixed mode, sharing, tiered, compressed oops, compressed class ptrs, g1 gc, windows-amd64)
# No core dump will be written. Minidumps are not enabled by default on client versions of Windows
#

---------------  S U M M A R Y ------------

Command Line: -DwatchParentProcess=false -XX:+ExitOnOutOfMemoryError -XX:+HeapDumpOnOutOfMemoryError -XX:HeapDumpPath=c:\Users\lmate\AppData\Roaming\Code\User\globalStorage\redhat.vscode-xml -Xmx64M org.eclipse.lemminx.XMLServerLauncher

Host: AMD Ryzen 3 7320U with Radeon Graphics         , 8 cores, 7G,  Windows 11 , 64 bit Build 26100 (10.0.26100.7920)
Time: Fri Mar 27 12:11:07 2026 South Africa Standard Time elapsed time: 20.870168 seconds (0d 0h 0m 20s)

---------------  T H R E A D  ---------------

Current thread (0x0000022c1812aa00):  JavaThread "C1 CompilerThread0" daemon [_thread_in_native, id=8856, stack(0x00000092f2800000,0x00000092f2900000)]


Current CompileTask:
C1:  20952  818       3       com.google.gson.stream.JsonReader::doPeek (744 bytes)

Stack: [0x00000092f2800000,0x00000092f2900000]
Native frames: (J=compiled Java code, j=interpreted, Vv=VM code, C=native code)
V  [jvm.dll+0x67a0ea]
V  [jvm.dll+0x7da56d]
V  [jvm.dll+0x7dbeb3]
V  [jvm.dll+0x7dc523]
V  [jvm.dll+0x2453af]
V  [jvm.dll+0xab994]
V  [jvm.dll+0xabd2c]
V  [jvm.dll+0x175cc3]
V  [jvm.dll+0x175d8e]
V  [jvm.dll+0x17855f]
V  [jvm.dll+0x179eb1]
V  [jvm.dll+0x135723]
V  [jvm.dll+0x134fef]
V  [jvm.dll+0x135238]
V  [jvm.dll+0x1346c1]
V  [jvm.dll+0x1363ad]
V  [jvm.dll+0x22642b]
V  [jvm.dll+0x2245cb]
V  [jvm.dll+0x790964]
V  [jvm.dll+0x78af4a]
V  [jvm.dll+0x678fd5]
C  [ucrtbase.dll+0x37b0]
C  [KERNEL32.DLL+0x2e8d7]
C  [ntdll.dll+0x8c48c]


---------------  P R O C E S S  ---------------

Threads class SMR info:
_java_thread_list=0x0000022c1864c210, length=13, elements={
0x0000022bbd9a2ce0, 0x0000022bbd9a4400, 0x0000022bbd9be8d0, 0x0000022c181203d0,
0x0000022c18122da0, 0x0000022c18123660, 0x0000022c18124e70, 0x0000022c1812aa00,
0x0000022c1812b300, 0x0000022c18371da0, 0x0000022c1837f960, 0x0000022c186431e0,
0x0000022bbd8f7ab0
}

Java Threads: ( => current thread )
  0x0000022bbd9a2ce0 JavaThread "Reference Handler" daemon [_thread_blocked, id=27384, stack(0x00000092f2100000,0x00000092f2200000)]
  0x0000022bbd9a4400 JavaThread "Finalizer" daemon [_thread_blocked, id=5496, stack(0x00000092f2200000,0x00000092f2300000)]
  0x0000022bbd9be8d0 JavaThread "Signal Dispatcher" daemon [_thread_blocked, id=24388, stack(0x00000092f2300000,0x00000092f2400000)]
  0x0000022c181203d0 JavaThread "Attach Listener" daemon [_thread_blocked, id=10288, stack(0x00000092f2400000,0x00000092f2500000)]
  0x0000022c18122da0 JavaThread "Service Thread" daemon [_thread_blocked, id=20868, stack(0x00000092f2500000,0x00000092f2600000)]
  0x0000022c18123660 JavaThread "Monitor Deflation Thread" daemon [_thread_blocked, id=10768, stack(0x00000092f2600000,0x00000092f2700000)]
  0x0000022c18124e70 JavaThread "C2 CompilerThread0" daemon [_thread_blocked, id=21420, stack(0x00000092f2700000,0x00000092f2800000)]
=>0x0000022c1812aa00 JavaThread "C1 CompilerThread0" daemon [_thread_in_native, id=8856, stack(0x00000092f2800000,0x00000092f2900000)]
  0x0000022c1812b300 JavaThread "Sweeper thread" daemon [_thread_blocked, id=28572, stack(0x00000092f2900000,0x00000092f2a00000)]
  0x0000022c18371da0 JavaThread "Notification Thread" daemon [_thread_blocked, id=24236, stack(0x00000092f2a00000,0x00000092f2b00000)]
  0x0000022c1837f960 JavaThread "Common-Cleaner" daemon [_thread_blocked, id=14492, stack(0x00000092f2c00000,0x00000092f2d00000)]
  0x0000022c186431e0 JavaThread "pool-4-thread-1" [_thread_in_vm, id=28476, stack(0x00000092f2d00000,0x00000092f2e00000)]
  0x0000022bbd8f7ab0 JavaThread "DestroyJavaVM" [_thread_blocked, id=28168, stack(0x00000092f1a00000,0x00000092f1b00000)]

Other Threads:
  0x0000022bbd99df20 VMThread "VM Thread" [stack: 0x00000092f2000000,0x00000092f2100000] [id=19336]
  0x0000022c1837e290 WatcherThread [stack: 0x00000092f2b00000,0x00000092f2c00000] [id=4684]
  0x0000022bbd919600 GCTaskThread "GC Thread#0" [stack: 0x00000092f1b00000,0x00000092f1c00000] [id=9200]
  0x0000022bbd91c1c0 ConcurrentGCThread "G1 Main Marker" [stack: 0x00000092f1c00000,0x00000092f1d00000] [id=27344]
  0x0000022bbd91dbe0 ConcurrentGCThread "G1 Conc#0" [stack: 0x00000092f1d00000,0x00000092f1e00000] [id=11240]
  0x0000022bbd97f9c0 ConcurrentGCThread "G1 Refine#0" [stack: 0x00000092f1e00000,0x00000092f1f00000] [id=24936]
  0x0000022bbd9810c0 ConcurrentGCThread "G1 Service" [stack: 0x00000092f1f00000,0x00000092f2000000] [id=2868]

Threads with active compile tasks:
C1 CompilerThread0    22865  818       3       com.google.gson.stream.JsonReader::doPeek (744 bytes)

VM state: not at safepoint (normal execution)

VM Mutex/Monitor currently owned by a thread: None

Heap address: 0x00000000fc000000, size: 64 MB, Compressed Oops mode: 32-bit

CDS archive(s) mapped at: [0x0000022bd7000000-0x0000022bd7bd0000-0x0000022bd7bd0000), size 12386304, SharedBaseAddress: 0x0000022bd7000000, ArchiveRelocationMode: 1.
Compressed class space mapped at: 0x0000022bd8000000-0x0000022c18000000, reserved size: 1073741824
Narrow klass base: 0x0000022bd7000000, Narrow klass shift: 0, Narrow klass range: 0x100000000

GC Precious Log:
 CPUs: 8 total, 8 available
 Memory: 7418M
 Large Page Support: Disabled
 NUMA Support: Disabled
 Compressed Oops: Enabled (32-bit)
 Heap Region Size: 1M
 Heap Min Capacity: 8M
 Heap Initial Capacity: 64M
 Heap Max Capacity: 64M
 Pre-touch: Disabled
 Parallel Workers: 8
 Concurrent Workers: 2
 Concurrent Refinement Workers: 8
 Periodic GC: Disabled

Heap:
 garbage-first heap   total 65536K, used 12288K [0x00000000fc000000, 0x0000000100000000)
  region size 1024K, 13 young (13312K), 0 survivors (0K)
 Metaspace       used 4594K, committed 4736K, reserved 1114112K
  class space    used 569K, committed 640K, reserved 1048576K

Heap Regions: E=young(eden), S=young(survivor), O=old, HS=humongous(starts), HC=humongous(continues), CS=collection set, F=free, OA=open archive, CA=closed archive, TAMS=top-at-mark-start (previous, next)
|   0|0x00000000fc000000, 0x00000000fc100000, 0x00000000fc100000|100%|HS|  |TAMS 0x00000000fc000000, 0x00000000fc000000| Complete 
|   1|0x00000000fc100000, 0x00000000fc100000, 0x00000000fc200000|  0%| F|  |TAMS 0x00000000fc100000, 0x00000000fc100000| Untracked 
|   2|0x00000000fc200000, 0x00000000fc200000, 0x00000000fc300000|  0%| F|  |TAMS 0x00000000fc200000, 0x00000000fc200000| Untracked 
|   3|0x00000000fc300000, 0x00000000fc300000, 0x00000000fc400000|  0%| F|  |TAMS 0x00000000fc300000, 0x00000000fc300000| Untracked 
|   4|0x00000000fc400000, 0x00000000fc400000, 0x00000000fc500000|  0%| F|  |TAMS 0x00000000fc400000, 0x00000000fc400000| Untracked 
|   5|0x00000000fc500000, 0x00000000fc500000, 0x00000000fc600000|  0%| F|  |TAMS 0x00000000fc500000, 0x00000000fc500000| Untracked 
|   6|0x00000000fc600000, 0x00000000fc600000, 0x00000000fc700000|  0%| F|  |TAMS 0x00000000fc600000, 0x00000000fc600000| Untracked 
|   7|0x00000000fc700000, 0x00000000fc700000, 0x00000000fc800000|  0%| F|  |TAMS 0x00000000fc700000, 0x00000000fc700000| Untracked 
|   8|0x00000000fc800000, 0x00000000fc800000, 0x00000000fc900000|  0%| F|  |TAMS 0x00000000fc800000, 0x00000000fc800000| Untracked 
|   9|0x00000000fc900000, 0x00000000fc900000, 0x00000000fca00000|  0%| F|  |TAMS 0x00000000fc900000, 0x00000000fc900000| Untracked 
|  10|0x00000000fca00000, 0x00000000fca00000, 0x00000000fcb00000|  0%| F|  |TAMS 0x00000000fca00000, 0x00000000fca00000| Untracked 
|  11|0x00000000fcb00000, 0x00000000fcb00000, 0x00000000fcc00000|  0%| F|  |TAMS 0x00000000fcb00000, 0x00000000fcb00000| Untracked 
|  12|0x00000000fcc00000, 0x00000000fcc00000, 0x00000000fcd00000|  0%| F|  |TAMS 0x00000000fcc00000, 0x00000000fcc00000| Untracked 
|  13|0x00000000fcd00000, 0x00000000fcd00000, 0x00000000fce00000|  0%| F|  |TAMS 0x00000000fcd00000, 0x00000000fcd00000| Untracked 
|  14|0x00000000fce00000, 0x00000000fce00000, 0x00000000fcf00000|  0%| F|  |TAMS 0x00000000fce00000, 0x00000000fce00000| Untracked 
|  15|0x00000000fcf00000, 0x00000000fcf00000, 0x00000000fd000000|  0%| F|  |TAMS 0x00000000fcf00000, 0x00000000fcf00000| Untracked 
|  16|0x00000000fd000000, 0x00000000fd000000, 0x00000000fd100000|  0%| F|  |TAMS 0x00000000fd000000, 0x00000000fd000000| Untracked 
|  17|0x00000000fd100000, 0x00000000fd100000, 0x00000000fd200000|  0%| F|  |TAMS 0x00000000fd100000, 0x00000000fd100000| Untracked 
|  18|0x00000000fd200000, 0x00000000fd200000, 0x00000000fd300000|  0%| F|  |TAMS 0x00000000fd200000, 0x00000000fd200000| Untracked 
|  19|0x00000000fd300000, 0x00000000fd300000, 0x00000000fd400000|  0%| F|  |TAMS 0x00000000fd300000, 0x00000000fd300000| Untracked 
|  20|0x00000000fd400000, 0x00000000fd400000, 0x00000000fd500000|  0%| F|  |TAMS 0x00000000fd400000, 0x00000000fd400000| Untracked 
|  21|0x00000000fd500000, 0x00000000fd500000, 0x00000000fd600000|  0%| F|  |TAMS 0x00000000fd500000, 0x00000000fd500000| Untracked 
|  22|0x00000000fd600000, 0x00000000fd600000, 0x00000000fd700000|  0%| F|  |TAMS 0x00000000fd600000, 0x00000000fd600000| Untracked 
|  23|0x00000000fd700000, 0x00000000fd700000, 0x00000000fd800000|  0%| F|  |TAMS 0x00000000fd700000, 0x00000000fd700000| Untracked 
|  24|0x00000000fd800000, 0x00000000fd800000, 0x00000000fd900000|  0%| F|  |TAMS 0x00000000fd800000, 0x00000000fd800000| Untracked 
|  25|0x00000000fd900000, 0x00000000fd900000, 0x00000000fda00000|  0%| F|  |TAMS 0x00000000fd900000, 0x00000000fd900000| Untracked 
|  26|0x00000000fda00000, 0x00000000fda00000, 0x00000000fdb00000|  0%| F|  |TAMS 0x00000000fda00000, 0x00000000fda00000| Untracked 
|  27|0x00000000fdb00000, 0x00000000fdb00000, 0x00000000fdc00000|  0%| F|  |TAMS 0x00000000fdb00000, 0x00000000fdb00000| Untracked 
|  28|0x00000000fdc00000, 0x00000000fdc00000, 0x00000000fdd00000|  0%| F|  |TAMS 0x00000000fdc00000, 0x00000000fdc00000| Untracked 
|  29|0x00000000fdd00000, 0x00000000fdd00000, 0x00000000fde00000|  0%| F|  |TAMS 0x00000000fdd00000, 0x00000000fdd00000| Untracked 
|  30|0x00000000fde00000, 0x00000000fde00000, 0x00000000fdf00000|  0%| F|  |TAMS 0x00000000fde00000, 0x00000000fde00000| Untracked 
|  31|0x00000000fdf00000, 0x00000000fdf00000, 0x00000000fe000000|  0%| F|  |TAMS 0x00000000fdf00000, 0x00000000fdf00000| Untracked 
|  32|0x00000000fe000000, 0x00000000fe000000, 0x00000000fe100000|  0%| F|  |TAMS 0x00000000fe000000, 0x00000000fe000000| Untracked 
|  33|0x00000000fe100000, 0x00000000fe100000, 0x00000000fe200000|  0%| F|  |TAMS 0x00000000fe100000, 0x00000000fe100000| Untracked 
|  34|0x00000000fe200000, 0x00000000fe200000, 0x00000000fe300000|  0%| F|  |TAMS 0x00000000fe200000, 0x00000000fe200000| Untracked 
|  35|0x00000000fe300000, 0x00000000fe300000, 0x00000000fe400000|  0%| F|  |TAMS 0x00000000fe300000, 0x00000000fe300000| Untracked 
|  36|0x00000000fe400000, 0x00000000fe400000, 0x00000000fe500000|  0%| F|  |TAMS 0x00000000fe400000, 0x00000000fe400000| Untracked 
|  37|0x00000000fe500000, 0x00000000fe500000, 0x00000000fe600000|  0%| F|  |TAMS 0x00000000fe500000, 0x00000000fe500000| Untracked 
|  38|0x00000000fe600000, 0x00000000fe600000, 0x00000000fe700000|  0%| F|  |TAMS 0x00000000fe600000, 0x00000000fe600000| Untracked 
|  39|0x00000000fe700000, 0x00000000fe700000, 0x00000000fe800000|  0%| F|  |TAMS 0x00000000fe700000, 0x00000000fe700000| Untracked 
|  40|0x00000000fe800000, 0x00000000fe800000, 0x00000000fe900000|  0%| F|  |TAMS 0x00000000fe800000, 0x00000000fe800000| Untracked 
|  41|0x00000000fe900000, 0x00000000fe900000, 0x00000000fea00000|  0%| F|  |TAMS 0x00000000fe900000, 0x00000000fe900000| Untracked 
|  42|0x00000000fea00000, 0x00000000fea00000, 0x00000000feb00000|  0%| F|  |TAMS 0x00000000fea00000, 0x00000000fea00000| Untracked 
|  43|0x00000000feb00000, 0x00000000feb00000, 0x00000000fec00000|  0%| F|  |TAMS 0x00000000feb00000, 0x00000000feb00000| Untracked 
|  44|0x00000000fec00000, 0x00000000fec00000, 0x00000000fed00000|  0%| F|  |TAMS 0x00000000fec00000, 0x00000000fec00000| Untracked 
|  45|0x00000000fed00000, 0x00000000fed00000, 0x00000000fee00000|  0%| F|  |TAMS 0x00000000fed00000, 0x00000000fed00000| Untracked 
|  46|0x00000000fee00000, 0x00000000fee00000, 0x00000000fef00000|  0%| F|  |TAMS 0x00000000fee00000, 0x00000000fee00000| Untracked 
|  47|0x00000000fef00000, 0x00000000fef00000, 0x00000000ff000000|  0%| F|  |TAMS 0x00000000fef00000, 0x00000000fef00000| Untracked 
|  48|0x00000000ff000000, 0x00000000ff000000, 0x00000000ff100000|  0%| F|  |TAMS 0x00000000ff000000, 0x00000000ff000000| Untracked 
|  49|0x00000000ff100000, 0x00000000ff100000, 0x00000000ff200000|  0%| F|  |TAMS 0x00000000ff100000, 0x00000000ff100000| Untracked 
|  50|0x00000000ff200000, 0x00000000ff200000, 0x00000000ff300000|  0%| F|  |TAMS 0x00000000ff200000, 0x00000000ff200000| Untracked 
|  51|0x00000000ff300000, 0x00000000ff3ec370, 0x00000000ff400000| 92%| E|  |TAMS 0x00000000ff300000, 0x00000000ff300000| Complete 
|  52|0x00000000ff400000, 0x00000000ff500000, 0x00000000ff500000|100%| E|CS|TAMS 0x00000000ff400000, 0x00000000ff400000| Complete 
|  53|0x00000000ff500000, 0x00000000ff600000, 0x00000000ff600000|100%| E|CS|TAMS 0x00000000ff500000, 0x00000000ff500000| Complete 
|  54|0x00000000ff600000, 0x00000000ff700000, 0x00000000ff700000|100%| E|CS|TAMS 0x00000000ff600000, 0x00000000ff600000| Complete 
|  55|0x00000000ff700000, 0x00000000ff800000, 0x00000000ff800000|100%| E|CS|TAMS 0x00000000ff700000, 0x00000000ff700000| Complete 
|  56|0x00000000ff800000, 0x00000000ff900000, 0x00000000ff900000|100%| E|CS|TAMS 0x00000000ff800000, 0x00000000ff800000| Complete 
|  57|0x00000000ff900000, 0x00000000ffa00000, 0x00000000ffa00000|100%| E|CS|TAMS 0x00000000ff900000, 0x00000000ff900000| Complete 
|  58|0x00000000ffa00000, 0x00000000ffb00000, 0x00000000ffb00000|100%| E|CS|TAMS 0x00000000ffa00000, 0x00000000ffa00000| Complete 
|  59|0x00000000ffb00000, 0x00000000ffc00000, 0x00000000ffc00000|100%| E|CS|TAMS 0x00000000ffb00000, 0x00000000ffb00000| Complete 
|  60|0x00000000ffc00000, 0x00000000ffd00000, 0x00000000ffd00000|100%| E|CS|TAMS 0x00000000ffc00000, 0x00000000ffc00000| Complete 
|  61|0x00000000ffd00000, 0x00000000ffe00000, 0x00000000ffe00000|100%| E|CS|TAMS 0x00000000ffd00000, 0x00000000ffd00000| Complete 
|  62|0x00000000ffe00000, 0x00000000fff00000, 0x00000000fff00000|100%| E|  |TAMS 0x00000000ffe00000, 0x00000000ffe00000| Complete 
|  63|0x00000000fff00000, 0x0000000100000000, 0x0000000100000000|100%| E|CS|TAMS 0x00000000fff00000, 0x00000000fff00000| Complete 

Card table byte_map: [0x0000022bbb8d0000,0x0000022bbb8f0000] _byte_map_base: 0x0000022bbb0f0000

Marking Bits (Prev, Next): (CMBitMap*) 0x0000022bbd919c20, (CMBitMap*) 0x0000022bbd919c60
 Prev Bits: [0x0000022bd4540000, 0x0000022bd4640000)
 Next Bits: [0x0000022bd4640000, 0x0000022bd4740000)

Polling page: 0x0000022bbb870000

Metaspace:

Usage:
  Non-class:      3.96 MB used.
      Class:    574.69 KB used.
       Both:      4.52 MB used.

Virtual space:
  Non-class space:       64.00 MB reserved,       4.00 MB (  6%) committed,  1 nodes.
      Class space:        1.00 GB reserved,     640.00 KB ( <1%) committed,  1 nodes.
             Both:        1.06 GB reserved,       4.62 MB ( <1%) committed. 

Chunk freelists:
   Non-Class:  9.69 MB
       Class:  15.33 MB
        Both:  25.02 MB

MaxMetaspaceSize: unlimited
CompressedClassSpaceSize: 1.00 GB
Initial GC threshold: 21.00 MB
Current GC threshold: 21.00 MB
CDS: on
MetaspaceReclaimPolicy: balanced
 - commit_granule_bytes: 65536.
 - commit_granule_words: 8192.
 - virtual_space_node_default_size: 8388608.
 - enlarge_chunks_in_place: 1.
 - new_chunks_are_fully_committed: 0.
 - uncommit_free_chunks: 1.
 - use_allocation_guard: 0.
 - handle_deallocations: 1.


Internal statistics:

num_allocs_failed_limit: 0.
num_arena_births: 46.
num_arena_deaths: 0.
num_vsnodes_births: 2.
num_vsnodes_deaths: 0.
num_space_committed: 74.
num_space_uncommitted: 0.
num_chunks_returned_to_freelist: 0.
num_chunks_taken_from_freelist: 201.
num_chunk_merges: 0.
num_chunk_splits: 119.
num_chunks_enlarged: 88.
num_inconsistent_stats: 0.

CodeHeap 'non-profiled nmethods': size=120000Kb used=236Kb max_used=236Kb free=119764Kb
 bounds [0x0000022bccce0000, 0x0000022bccf50000, 0x0000022bd4210000]
CodeHeap 'profiled nmethods': size=120000Kb used=1454Kb max_used=1454Kb free=118545Kb
 bounds [0x0000022bc5210000, 0x0000022bc5480000, 0x0000022bcc740000]
CodeHeap 'non-nmethods': size=5760Kb used=1125Kb max_used=1140Kb free=4634Kb
 bounds [0x0000022bcc740000, 0x0000022bcc9b0000, 0x0000022bccce0000]
 total_blobs=1231 nmethods=824 adapters=320
 compilation: enabled
              stopped_count=0, restarted_count=0
 full_count=0

Compilation events (20 events):
Event: 18.192 Thread 0x0000022c1812aa00  806       3       java.lang.reflect.Field::getAnnotation (23 bytes)
Event: 18.192 Thread 0x0000022c1812aa00 nmethod 806 0x0000022bc5371d90 code [0x0000022bc5371fa0, 0x0000022bc5372648]
Event: 18.192 Thread 0x0000022c18124e70 nmethod 807 0x0000022bccd17d90 code [0x0000022bccd17f00, 0x0000022bccd17f98]
Event: 18.283 Thread 0x0000022c1812aa00  808       3       com.google.gson.internal.Excluder::excludeField (226 bytes)
Event: 18.283 Thread 0x0000022c18124e70  810       4       jdk.internal.reflect.ClassFileAssembler::emitByte (11 bytes)
Event: 18.285 Thread 0x0000022c1812aa00 nmethod 808 0x0000022bc5372890 code [0x0000022bc5372e00, 0x0000022bc5375a68]
Event: 18.285 Thread 0x0000022c1812aa00  809       3       jdk.internal.reflect.ClassFileAssembler::emitConstantPoolUTF8 (50 bytes)
Event: 18.285 Thread 0x0000022c18124e70 nmethod 810 0x0000022bccd18090 code [0x0000022bccd18220, 0x0000022bccd18368]
Event: 18.285 Thread 0x0000022c1812aa00 nmethod 809 0x0000022bc5376590 code [0x0000022bc53767c0, 0x0000022bc5376e28]
Event: 18.285 Thread 0x0000022c1812aa00  811       3       java.lang.Integer::numberOfLeadingZeros (79 bytes)
Event: 18.286 Thread 0x0000022c1812aa00 nmethod 811 0x0000022bc5377210 code [0x0000022bc53773c0, 0x0000022bc5377698]
Event: 18.378 Thread 0x0000022c1812aa00  814       3       java.util.ArrayList::grow (60 bytes)
Event: 18.379 Thread 0x0000022c1812aa00 nmethod 814 0x0000022bc5377710 code [0x0000022bc5377900, 0x0000022bc5377f58]
Event: 18.379 Thread 0x0000022c1812aa00  815       3       com.google.gson.stream.JsonReader::nextNonWhitespace (354 bytes)
Event: 18.380 Thread 0x0000022c1812aa00 nmethod 815 0x0000022bc5378190 code [0x0000022bc5378640, 0x0000022bc537a558]
Event: 18.380 Thread 0x0000022c1812aa00  816       3       java.lang.reflect.Modifier::isFinal (13 bytes)
Event: 18.380 Thread 0x0000022c1812aa00 nmethod 816 0x0000022bc537b010 code [0x0000022bc537b1a0, 0x0000022bc537b2f8]
Event: 18.380 Thread 0x0000022c1812aa00  817       3       java.lang.String::<init> (74 bytes)
Event: 18.381 Thread 0x0000022c1812aa00 nmethod 817 0x0000022bc537b390 code [0x0000022bc537b560, 0x0000022bc537b958]
Event: 18.381 Thread 0x0000022c1812aa00  818       3       com.google.gson.stream.JsonReader::doPeek (744 bytes)

GC Heap History (0 events):
No events

Deoptimization events (4 events):
Event: 3.331 Thread 0x0000022bbd8f7ab0 DEOPT PACKING pc=0x0000022bc52265e7 sp=0x00000092f1afb0c0
Event: 3.331 Thread 0x0000022bbd8f7ab0 DEOPT UNPACKING pc=0x0000022bcc792b43 sp=0x00000092f1afa4e0 mode 0
Event: 3.482 Thread 0x0000022bbd8f7ab0 DEOPT PACKING pc=0x0000022bc5225951 sp=0x00000092f1afcce0
Event: 3.482 Thread 0x0000022bbd8f7ab0 DEOPT UNPACKING pc=0x0000022bcc792b43 sp=0x00000092f1afc158 mode 0

Classes unloaded (0 events):
No events

Classes redefined (0 events):
No events

Internal exceptions (6 events):
Event: 3.131 Thread 0x0000022bbd8f7ab0 Exception <a 'java/lang/NoSuchMethodError'{0x00000000ffddee10}: 'void java.lang.invoke.DirectMethodHandle$Holder.invokeSpecial(java.lang.Object, java.lang.Object, java.lang.Object)'> (0x00000000ffddee10) 
thrown [s\open\src\hotspot\share\interpreter\linkResolver.cpp, line 759]
Event: 3.591 Thread 0x0000022bbd8f7ab0 Exception <a 'java/lang/NoSuchMethodError'{0x00000000ffb363a0}: 'void java.lang.invoke.DirectMethodHandle$Holder.invokeStatic(java.lang.Object, java.lang.Object, java.lang.Object)'> (0x00000000ffb363a0) 
thrown [s\open\src\hotspot\share\interpreter\linkResolver.cpp, line 759]
Event: 3.945 Thread 0x0000022bbd8f7ab0 Exception <a 'java/lang/NoSuchMethodError'{0x00000000ffbe5d30}: 'void java.lang.invoke.DirectMethodHandle$Holder.invokeStatic(java.lang.Object, java.lang.Object, java.lang.Object, java.lang.Object)'> (0x00000000ffbe5d30) 
thrown [s\open\src\hotspot\share\interpreter\linkResolver.cpp, line 759]
Event: 4.868 Thread 0x0000022bbd8f7ab0 Exception <a 'java/lang/NoSuchMethodError'{0x00000000ff7ea568}: 'java.lang.Object java.lang.invoke.DirectMethodHandle$Holder.newInvokeSpecial(java.lang.Object, java.lang.Object, java.lang.Object, java.lang.Object, java.lang.Object)'> (0x00000000ff7ea568) 
thrown [s\open\src\hotspot\share\interpreter\linkResolver.cpp, line 759]
Event: 4.911 Thread 0x0000022bbd8f7ab0 Exception <a 'java/lang/NoSuchMethodError'{0x00000000ff6616b0}: 'java.lang.Object java.lang.invoke.DirectMethodHandle$Holder.invokeInterface(java.lang.Object, java.lang.Object)'> (0x00000000ff6616b0) 
thrown [s\open\src\hotspot\share\interpreter\linkResolver.cpp, line 759]
Event: 4.912 Thread 0x0000022bbd8f7ab0 Exception <a 'java/lang/IncompatibleClassChangeError'{0x00000000ff664ca0}: Found class java.lang.Object, but interface was expected> (0x00000000ff664ca0) 
thrown [s\open\src\hotspot\share\interpreter\linkResolver.cpp, line 826]

VM Operations (20 events):
Event: 3.802 Executing VM operation: Cleanup
Event: 3.817 Executing VM operation: Cleanup done
Event: 4.829 Executing VM operation: Cleanup
Event: 4.829 Executing VM operation: Cleanup done
Event: 5.837 Executing VM operation: Cleanup
Event: 5.948 Executing VM operation: Cleanup done
Event: 6.962 Executing VM operation: Cleanup
Event: 6.962 Executing VM operation: Cleanup done
Event: 9.993 Executing VM operation: Cleanup
Event: 9.993 Executing VM operation: Cleanup done
Event: 13.032 Executing VM operation: Cleanup
Event: 13.032 Executing VM operation: Cleanup done
Event: 15.045 Executing VM operation: Cleanup
Event: 15.045 Executing VM operation: Cleanup done
Event: 16.058 Executing VM operation: Cleanup
Event: 16.058 Executing VM operation: Cleanup done
Event: 18.080 Executing VM operation: Cleanup
Event: 18.080 Executing VM operation: Cleanup done
Event: 19.095 Executing VM operation: Cleanup
Event: 19.095 Executing VM operation: Cleanup done

Events (20 events):
Event: 4.970 Thread 0x0000022bbd8f7ab0 Thread exited: 0x0000022bbd8f7ab0
Event: 4.970 Thread 0x0000022bbd8f7ab0 Thread added: 0x0000022bbd8f7ab0
Event: 5.795 loading class java/lang/InstantiationException
Event: 5.879 loading class java/lang/InstantiationException done
Event: 5.880 loading class java/lang/reflect/AnnotatedType
Event: 5.947 loading class java/lang/reflect/AnnotatedType done
Event: 6.333 loading class jdk/internal/reflect/UnsafeFieldAccessorFactory
Event: 6.388 loading class jdk/internal/reflect/UnsafeFieldAccessorFactory done
Event: 6.389 loading class jdk/internal/reflect/UnsafeObjectFieldAccessorImpl
Event: 6.576 loading class jdk/internal/reflect/UnsafeObjectFieldAccessorImpl done
Event: 12.476 loading class sun/reflect/generics/repository/FieldRepository
Event: 12.684 loading class sun/reflect/generics/repository/FieldRepository done
Event: 13.447 loading class jdk/internal/reflect/UnsafeQualifiedIntegerFieldAccessorImpl
Event: 13.859 loading class jdk/internal/reflect/UnsafeQualifiedFieldAccessorImpl
Event: 14.137 loading class jdk/internal/reflect/UnsafeQualifiedFieldAccessorImpl done
Event: 14.137 loading class jdk/internal/reflect/UnsafeQualifiedIntegerFieldAccessorImpl done
Event: 18.381 loading class jdk/internal/reflect/UnsafeBooleanFieldAccessorImpl
Event: 18.445 loading class jdk/internal/reflect/UnsafeBooleanFieldAccessorImpl done
Event: 20.460 loading class java/lang/NoSuchFieldError
Event: 20.538 loading class java/lang/NoSuchFieldError done


Dynamic libraries:
0x00007ff707d50000 - 0x00007ff707d60000 	C:\Program Files\Java\jdk-17\bin\java.exe
0x00007ffa2b040000 - 0x00007ffa2b2a7000 	C:\windows\SYSTEM32\ntdll.dll
0x00007ffa29c90000 - 0x00007ffa29d59000 	C:\windows\System32\KERNEL32.DLL
0x00007ffa285f0000 - 0x00007ffa289e1000 	C:\windows\System32\KERNELBASE.dll
0x00007ffa28c90000 - 0x00007ffa28ddb000 	C:\windows\System32\ucrtbase.dll
0x00007ff998040000 - 0x00007ff99805b000 	C:\Program Files\Java\jdk-17\bin\VCRUNTIME140.dll
0x00007ffa0d700000 - 0x00007ffa0d719000 	C:\Program Files\Java\jdk-17\bin\jli.dll
0x00007ffa2ace0000 - 0x00007ffa2ad9b000 	C:\windows\System32\ADVAPI32.dll
0x00007ffa29b60000 - 0x00007ffa29c09000 	C:\windows\System32\msvcrt.dll
0x00007ffa2af40000 - 0x00007ffa2afe7000 	C:\windows\System32\sechost.dll
0x00007ffa28ff0000 - 0x00007ffa29108000 	C:\windows\System32\RPCRT4.dll
0x00007ffa28e20000 - 0x00007ffa28fe5000 	C:\windows\System32\USER32.dll
0x00007ffa289f0000 - 0x00007ffa28a17000 	C:\windows\System32\win32u.dll
0x00007ffa29f50000 - 0x00007ffa29f7b000 	C:\windows\System32\GDI32.dll
0x00007ffa28a20000 - 0x00007ffa28b4b000 	C:\windows\System32\gdi32full.dll
0x00007ffa28310000 - 0x00007ffa283b3000 	C:\windows\System32\msvcp_win.dll
0x00007ffa0e0f0000 - 0x00007ffa0e383000 	C:\windows\WinSxS\amd64_microsoft.windows.common-controls_6595b64144ccf1df_6.0.26100.8037_none_3e092faae333b53b\COMCTL32.dll
0x00007ffa25a40000 - 0x00007ffa25a4b000 	C:\windows\SYSTEM32\VERSION.dll
0x00007ffa28de0000 - 0x00007ffa28e11000 	C:\windows\System32\IMM32.DLL
0x00007ff9dcdb0000 - 0x00007ff9dcdbc000 	C:\Program Files\Java\jdk-17\bin\vcruntime140_1.dll
0x00007ff9dde40000 - 0x00007ff9ddece000 	C:\Program Files\Java\jdk-17\bin\msvcp140.dll
0x00007ff996610000 - 0x00007ff9971f0000 	C:\Program Files\Java\jdk-17\bin\server\jvm.dll
0x00007ffa2aff0000 - 0x00007ffa2aff8000 	C:\windows\System32\PSAPI.DLL
0x00007ffa09d50000 - 0x00007ffa09d5a000 	C:\windows\SYSTEM32\WSOCK32.dll
0x00007ffa29850000 - 0x00007ffa298c4000 	C:\windows\System32\WS2_32.dll
0x00007ffa1e8f0000 - 0x00007ffa1e925000 	C:\windows\SYSTEM32\WINMM.dll
0x00007ffa266b0000 - 0x00007ffa266cb000 	C:\windows\SYSTEM32\kernel.appcore.dll
0x00007ff9db7a0000 - 0x00007ff9db7aa000 	C:\Program Files\Java\jdk-17\bin\jimage.dll
0x00007ffa1b1d0000 - 0x00007ffa1b412000 	C:\windows\SYSTEM32\DBGHELP.DLL
0x00007ffa2a7f0000 - 0x00007ffa2ab72000 	C:\windows\System32\combase.dll
0x00007ffa29d70000 - 0x00007ffa29e47000 	C:\windows\System32\OLEAUT32.dll
0x00007ffa0ae90000 - 0x00007ffa0aecb000 	C:\windows\SYSTEM32\dbgcore.DLL
0x00007ffa28be0000 - 0x00007ffa28c85000 	C:\windows\System32\bcryptPrimitives.dll
0x00007ff997fd0000 - 0x00007ff997ff5000 	C:\Program Files\Java\jdk-17\bin\java.dll
0x00007ff9975b0000 - 0x00007ff997687000 	C:\Program Files\Java\jdk-17\bin\jsvml.dll
0x00007ffa29f80000 - 0x00007ffa2a6df000 	C:\windows\System32\SHELL32.dll
0x00007ffa283c0000 - 0x00007ffa2852a000 	C:\windows\System32\wintypes.dll
0x00007ffa27aa0000 - 0x00007ffa28304000 	C:\windows\System32\windows.storage.dll
0x00007ffa29e50000 - 0x00007ffa29f47000 	C:\windows\System32\SHCORE.dll
0x00007ffa297e0000 - 0x00007ffa29847000 	C:\windows\System32\shlwapi.dll
0x00007ffa27840000 - 0x00007ffa27869000 	C:\windows\SYSTEM32\profapi.dll
0x00007ff997f40000 - 0x00007ff997f59000 	C:\Program Files\Java\jdk-17\bin\net.dll
0x00007ffa1dc50000 - 0x00007ffa1dd77000 	C:\windows\SYSTEM32\WINHTTP.dll
0x00007ffa26c20000 - 0x00007ffa26c8b000 	C:\windows\system32\mswsock.dll
0x00007ff997f20000 - 0x00007ff997f36000 	C:\Program Files\Java\jdk-17\bin\nio.dll
0x00007ff997fb0000 - 0x00007ff997fc8000 	C:\Program Files\Java\jdk-17\bin\zip.dll

dbghelp: loaded successfully - version: 4.0.5 - missing functions: none
symbol engine: initialized successfully - sym options: 0x614 - pdb path: .;C:\Program Files\Java\jdk-17\bin;C:\windows\SYSTEM32;C:\windows\WinSxS\amd64_microsoft.windows.common-controls_6595b64144ccf1df_6.0.26100.8037_none_3e092faae333b53b;C:\Program Files\Java\jdk-17\bin\server

VM Arguments:
jvm_args: -DwatchParentProcess=false -XX:+ExitOnOutOfMemoryError -XX:+HeapDumpOnOutOfMemoryError -XX:HeapDumpPath=c:\Users\lmate\AppData\Roaming\Code\User\globalStorage\redhat.vscode-xml -Xmx64M 
java_command: org.eclipse.lemminx.XMLServerLauncher
java_class_path (initial): c:\Users\lmate\.vscode\extensions\redhat.vscode-xml-0.29.0-win32-x64\server\org.eclipse.lemminx-0.31.0-uber.jar
Launcher Type: SUN_STANDARD

[Global flags]
     intx CICompilerCount                          = 4                                         {product} {ergonomic}
     uint ConcGCThreads                            = 2                                         {product} {ergonomic}
     bool ExitOnOutOfMemoryError                   = true                                      {product} {command line}
     uint G1ConcRefinementThreads                  = 8                                         {product} {ergonomic}
   size_t G1HeapRegionSize                         = 1048576                                   {product} {ergonomic}
    uintx GCDrainStackTargetSize                   = 64                                        {product} {ergonomic}
     bool HeapDumpOnOutOfMemoryError               = true                                   {manageable} {command line}
    ccstr HeapDumpPath                             = c:\Users\lmate\AppData\Roaming\Code\User\globalStorage\redhat.vscode-xml         {manageable} {command line}
   size_t InitialHeapSize                          = 67108864                                  {product} {ergonomic}
   size_t MarkStackSize                            = 4194304                                   {product} {ergonomic}
   size_t MaxHeapSize                              = 67108864                                  {product} {command line}
   size_t MaxNewSize                               = 39845888                                  {product} {ergonomic}
   size_t MinHeapDeltaBytes                        = 1048576                                   {product} {ergonomic}
   size_t MinHeapSize                              = 8388608                                   {product} {ergonomic}
    uintx NonNMethodCodeHeapSize                   = 5839372                                {pd product} {ergonomic}
    uintx NonProfiledCodeHeapSize                  = 122909434                              {pd product} {ergonomic}
    uintx ProfiledCodeHeapSize                     = 122909434                              {pd product} {ergonomic}
    uintx ReservedCodeCacheSize                    = 251658240                              {pd product} {ergonomic}
     bool SegmentedCodeCache                       = true                                      {product} {ergonomic}
   size_t SoftMaxHeapSize                          = 67108864                               {manageable} {ergonomic}
     bool UseCompressedClassPointers               = true                           {product lp64_product} {ergonomic}
     bool UseCompressedOops                        = true                           {product lp64_product} {ergonomic}
     bool UseG1GC                                  = true                                      {product} {ergonomic}
     bool UseLargePagesIndividualAllocation        = false                                  {pd product} {ergonomic}

Logging:
Log output configuration:
 #0: stdout all=warning uptime,level,tags
 #1: stderr all=off uptime,level,tags

Environment Variables:
JAVA_HOME=C:\Program Files\Java\jdk-17
PATH=C:\Users\lmate\AppData\Local\Programs\Microsoft VS Code;C:\Python313\;C:\Users\lmate\scoop\shims;C:\Users\lmate\AppData\Local\Microsoft\WindowsApps;C:\Users\lmate\AppData\Roaming\npm;C:\Users\lmate\AppData\Local\Programs\Microsoft VS Code\bin;C:\Users\lmate\AppData\Roaming\Composer\vendor\bin;C:\composer;C:\windows\System32\OpenSSH\;C:\windows\System32\WindowsPowershell\v1.0\;C:\ProgramData\chocolatey\bin;C:\Program Files\nodejs\;C:\Program Files\OpenSSL-Win64;C:\Program Files\Azure Data Studio\bin;C:\Program Files (x86)\Microsoft SQL Server\160\Tools\Binn\;C:\Program Files\Microsoft SQL Server\160\Tools\Binn\;C:\Program Files\Microsoft SQL Server\Client SDK\ODBC\170\Tools\Binn\;C:\Program Files\Microsoft SQL Server\160\DTS\Binn\;C:\Program Files\OpenSSL-Win64\bin;C:\Program Files\OpenSSL\bin;C:\Program Files (x86)\OpenSSL-Win32;C:\Program Files\flutter\flutter\bin;C:\ProgramData\Microsoft\Windows\Start Menu\Programs\Git;C:\Windows\System32;%ANDROID_HOME%\platform-tools;%ANDROID_HOME%\cmdline-tools\latest\bin;C:\Program Files\Java\jdk-17;"C:\Python313\;C:\Users\lmate\scoop\shims;C:\Users\lmate\AppData\Local\Microsoft\WindowsApps;C:\Users\lmate\AppData\Roaming\npm;C:\Users\lmate\AppData\Local\Programs\Microsoft VS Code\bin;C:\Users\lmate\AppData\Roaming\Composer\vendor\bin;C:\composer;C:\windows\System32\OpenSSH\;C:\windows\System32\WindowsPowershell\v1.0\;C:\ProgramData\chocolatey\bin;C:\Program Files\nodejs\;C:\Program Files\OpenSSL-Win64;C:\Program Files\Azure Data Studio\bin;C:\Program Files (x86)\Microsoft SQL Server\160\Tools\Binn\;C:\Program Files\Microsoft SQL Server\160\Tools\Binn\;C:\Program Files\Microsoft SQL Server\Client SDK\ODBC\170\Tools\Binn\;C:\Program Files\Microsoft SQL Server\160\DTS\Binn\;C:\Program Files\OpenSSL-Win64\bin;C:\Program Files\OpenSSL\bin;C:\Program Files (x86)\OpenSSL-Win32;C:\Program Files\flutter\flutter\bin;C:\ProgramData\Microsoft\Windows\Start Menu\Programs\Git;C:\Windows\System32;%ANDROID_HOME%\platform-tools;%ANDROID_HOME%
USERNAME=lmate
OS=Windows_NT
PROCESSOR_IDENTIFIER=AMD64 Family 23 Model 160 Stepping 0, AuthenticAMD



---------------  S Y S T E M  ---------------

OS:
 Windows 11 , 64 bit Build 26100 (10.0.26100.7920)
OS uptime: 0 days 0:55 hours
Hyper-V role detected

CPU: total 8 (initial active 8) (8 cores per cpu, 2 threads per core) family 23 model 160 stepping 0 microcode 0x8a0000a, cx8, cmov, fxsr, ht, mmx, 3dnowpref, sse, sse2, sse3, ssse3, sse4a, sse4.1, sse4.2, popcnt, lzcnt, tsc, tscinvbit, avx, avx2, aes, clmul, bmi1, bmi2, adx, sha, fma, vzeroupper, clflush, clflushopt, hv

Memory: 4k page, system-wide physical 7418M (372M free)
TotalPageFile size 29946M (AvailPageFile size 10M)
current process WorkingSet (physical memory assigned to process): 42M, peak: 52M
current process commit charge ("private bytes"): 149M, peak: 149M

vm_info: Java HotSpot(TM) 64-Bit Server VM (17.0.17+8-LTS-360) for windows-amd64 JRE (17.0.17+8-LTS-360), built on Sep 27 2025 05:17:01 by "mach5run" with MS VC++ 17.6 (VS2022)

END.
